#
# A fatal error has been detected by the Java Runtime Environment:
#
#  EXCEPTION_ILLEGAL_INSTRUCTION (0xc000001d) at pc=0x0000000002dac42c, pid=6476, tid=0x0000000000001c8c
#
# JRE version: Java(TM) SE Runtime Environment (8.0_102-b14) (build 1.8.0_102-b14)
# Java VM: Java HotSpot(TM) 64-Bit Server VM (25.102-b14 mixed mode windows-amd64 compressed oops)
# Problematic frame:
# J 1284 C1 com.android.dx.ssa.PhiInsn.mapSourceRegisters(Lcom/android/dx/ssa/RegisterMapper;)V (78 bytes) @ 0x0000000002dac42c [0x0000000002dabbe0+0x84c]
#
# Failed to write core dump. Minidumps are not enabled by default on client versions of Windows
#
# If you would like to submit a bug report, please visit:
#   http://bugreport.java.com/bugreport/crash.jsp
#

---------------  T H R E A D  ---------------

Current thread (0x0000000016e65000):  JavaThread "pool-2-thread-2" [_thread_in_Java, id=7308, stack(0x0000000017050000,0x0000000017150000)]

siginfo: ExceptionCode=0xc000001d

Registers:
RAX=0x00000000ef3a6de8, RBX=0x0000000014c8afa8, RCX=0x0000000000000000, RDX=0x0000000000001f1c
RSP=0x000000001714e960, RBP=0x000000001714ea18, RSI=0x0000000014c75638, RDI=0x0000000000000000
R8 =0x0000000014d734f8, R9 =0x0000000000000218, R10=0x00000000ef3a6de8, R11=0x00000000000000a7
R12=0x0000000000000000, R13=0x000000001714e908, R14=0x0000000000000000, R15=0x0000000016e65000
RIP=0x0000000002dac42c, EFLAGS=0x0000000000010202

Top of Stack: (sp=0x000000001714e960)
0x000000001714e960:   00000000028c8331 00000000ec192740
0x000000001714e970:   00000000ec4ad0f0 00000000ec4ad0d8
0x000000001714e980:   00000000ef3f4000 00000000ef117770
0x000000001714e990:   00000000ef117770 00000000ef2d0018
0x000000001714e9a0:   00000000eb851858 00000000000000a7
0x000000001714e9b0:   00000000ec48c980 00000000ec44f068
0x000000001714e9c0:   000000000000085e 00000000ec44ee50
0x000000001714e9d0:   00000000ec444708 000000001714e9d8
0x000000001714e9e0:   0000000014c89c78 000000001714ea98
0x000000001714e9f0:   0000000014c8b030 0000000000000000
0x000000001714ea00:   0000000014c89d60 000000001714e9c0
0x000000001714ea10:   000000001714ea98 000000001714eae0
0x000000001714ea20:   00000000028c8331 0000000000000000
0x000000001714ea30:   0000000000000000 0000000000000000
0x000000001714ea40:   0000000000000000 0000000000000000
0x000000001714ea50:   00000000c0000580 00000000ef4073c0 

Instructions: (pc=0x0000000002dac42c)
0x0000000002dac40c:   ff e8 ee b4 b8 ff e8 e9 b4 b8 ff 48 89 74 24 08
0x0000000002dac41c:   48 c7 04 24 45 00 00 00 e8 37 bd c1 ff c9 d8 fe
0x0000000002dac42c:   ff ff 90 90 49 8b 87 a8 02 00 00 49 ba 00 00 00
0x0000000002dac43c:   00 00 00 00 00 4d 89 97 a8 02 00 00 49 ba 00 00 


Register to memory mapping:

RAX=0x00000000ef3a6de8 is an oop
com.android.dx.rop.code.RegisterSpec 
 - klass: 'com/android/dx/rop/code/RegisterSpec'
RBX={method} {0x0000000014c8afb0} 'map' '(Lcom/android/dx/rop/code/RegisterSpec;)Lcom/android/dx/rop/code/RegisterSpec;' in 'com/android/dx/ssa/ConstCollector$2'
RCX=0x0000000000000000 is an unknown value
RDX=0x0000000000001f1c is an unknown value
RSP=0x000000001714e960 is pointing into the stack for thread: 0x0000000016e65000
RBP=0x000000001714ea18 is pointing into the stack for thread: 0x0000000016e65000
RSI={method} {0x0000000014c75640} 'mapSourceRegisters' '(Lcom/android/dx/ssa/RegisterMapper;)V' in 'com/android/dx/ssa/PhiInsn'
RDI=0x0000000000000000 is an unknown value
R8 =0x0000000014d734f8 is pointing into metadata
R9 =0x0000000000000218 is an unknown value
R10=0x00000000ef3a6de8 is an oop
com.android.dx.rop.code.RegisterSpec 
 - klass: 'com/android/dx/rop/code/RegisterSpec'
R11=0x00000000000000a7 is an unknown value
R12=0x0000000000000000 is an unknown value
R13=0x000000001714e908 is pointing into the stack for thread: 0x0000000016e65000
R14=0x0000000000000000 is an unknown value
R15=0x0000000016e65000 is a thread


Stack: [0x0000000017050000,0x0000000017150000],  sp=0x000000001714e960,  free space=1018k
Native frames: (J=compiled Java code, j=interpreted, Vv=VM code, C=native code)
C  0x0000000002dac42c


---------------  P R O C E S S  ---------------

Java Threads: ( => current thread )
  0x0000000017b05000 JavaThread "pool-2-thread-4" [_thread_in_Java, id=5964, stack(0x0000000018090000,0x0000000018190000)]
  0x0000000016f1c800 JavaThread "pool-2-thread-3" [_thread_blocked, id=7940, stack(0x0000000017750000,0x0000000017850000)]
=>0x0000000016e65000 JavaThread "pool-2-thread-2" [_thread_in_Java, id=7308, stack(0x0000000017050000,0x0000000017150000)]
  0x0000000016d66000 JavaThread "pool-3-thread-1" [_thread_blocked, id=7832, stack(0x0000000017630000,0x0000000017730000)]
  0x0000000016d5e000 JavaThread "pool-2-thread-1" [_thread_in_Java, id=7552, stack(0x0000000017510000,0x0000000017610000)]
  0x0000000016c28800 JavaThread "Service Thread" daemon [_thread_blocked, id=7172, stack(0x0000000017180000,0x0000000017280000)]
  0x0000000015158000 JavaThread "C1 CompilerThread2" daemon [_thread_blocked, id=7404, stack(0x0000000016b20000,0x0000000016c20000)]
  0x0000000015157000 JavaThread "C2 CompilerThread1" daemon [_thread_in_native, id=5320, stack(0x0000000016420000,0x0000000016520000)]
  0x0000000015153000 JavaThread "C2 CompilerThread0" daemon [_thread_in_native, id=5552, stack(0x0000000016980000,0x0000000016a80000)]
  0x000000001514f800 JavaThread "Attach Listener" daemon [_thread_blocked, id=7732, stack(0x0000000016760000,0x0000000016860000)]
  0x000000001515e000 JavaThread "Signal Dispatcher" daemon [_thread_blocked, id=6460, stack(0x00000000165d0000,0x00000000166d0000)]
  0x0000000015139000 JavaThread "Finalizer" daemon [_thread_blocked, id=6344, stack(0x00000000161c0000,0x00000000162c0000)]
  0x00000000150f2000 JavaThread "Reference Handler" daemon [_thread_blocked, id=6812, stack(0x0000000016320000,0x0000000016420000)]
  0x0000000001eae000 JavaThread "main" [_thread_in_native, id=7412, stack(0x00000000024f0000,0x00000000025f0000)]

Other Threads:
  0x00000000150ea000 VMThread [stack: 0x00000000160c0000,0x00000000161c0000] [id=3532]
  0x0000000016c9c800 WatcherThread [stack: 0x0000000017350000,0x0000000017450000] [id=5628]

VM state:not at safepoint (normal execution)

VM Mutex/Monitor currently owned by a thread: None

Heap:
 PSYoungGen      total 71680K, used 49700K [0x00000000eab00000, 0x00000000ef600000, 0x0000000100000000)
  eden space 66560K, 66% used [0x00000000eab00000,0x00000000ed68c560,0x00000000eec00000)
  from space 5120K, 99% used [0x00000000ef100000,0x00000000ef5fcb68,0x00000000ef600000)
  to   space 5120K, 0% used [0x00000000eec00000,0x00000000eec00000,0x00000000ef100000)
 ParOldGen       total 87552K, used 4218K [0x00000000c0000000, 0x00000000c5580000, 0x00000000eab00000)
  object space 87552K, 4% used [0x00000000c0000000,0x00000000c041ea58,0x00000000c5580000)
 Metaspace       used 5829K, capacity 6960K, committed 7040K, reserved 1056768K
  class space    used 583K, capacity 616K, committed 640K, reserved 1048576K

Card table byte_map: [0x0000000011c80000,0x0000000011e90000] byte_map_base: 0x0000000011680000

Marking Bits: (ParMarkBitMap*) 0x00000000566da6c0
 Begin Bits: [0x0000000012560000, 0x0000000013560000)
 End Bits:   [0x0000000013560000, 0x0000000014560000)

Polling page: 0x0000000000230000

CodeCache: size=245760Kb used=6052Kb max_used=6065Kb free=239707Kb
 bounds [0x00000000028c0000, 0x0000000002eb0000, 0x00000000118c0000]
 total_blobs=1658 nmethods=1397 adapters=175
 compilation: enabled

Compilation events (10 events):
Event: 1.766 Thread 0x0000000015158000 1404       2       com.android.dx.ssa.SCCP::<init> (142 bytes)
Event: 1.767 Thread 0x0000000015158000 nmethod 1404 0x0000000002e30510 code [0x0000000002e306c0, 0x0000000002e30d48]
Event: 1.772 Thread 0x0000000015158000 1405 %     3       com.android.dx.ssa.SCCP::run @ 93 (298 bytes)
Event: 1.774 Thread 0x0000000015158000 nmethod 1405% 0x0000000002e56ad0 code [0x0000000002e56ea0, 0x0000000002e58e28]
Event: 1.774 Thread 0x0000000015158000 1407       2       com.android.dx.ssa.SCCP::replaceConstants (209 bytes)
Event: 1.775 Thread 0x0000000015158000 nmethod 1407 0x0000000002e59b50 code [0x0000000002e59dc0, 0x0000000002e5a5d8]
Event: 1.784 Thread 0x0000000015158000 1410 %     3       com.android.dx.ssa.SsaMethod::computeReachability @ 95 (131 bytes)
Event: 1.786 Thread 0x0000000015158000 nmethod 1410% 0x0000000002e5b210 code [0x0000000002e5b5e0, 0x0000000002e5d7b8]
Event: 1.790 Thread 0x0000000015158000 1411       2       com.android.dx.ssa.ConstCollector::getConstsSortedByCountUse (386 bytes)
Event: 1.793 Thread 0x0000000015158000 nmethod 1411 0x0000000002e5ecd0 code [0x0000000002e5f040, 0x0000000002e60108]

GC Heap History (4 events):
Event: 1.099 GC heap before
{Heap before GC invocations=1 (full 0):
 PSYoungGen      total 38400K, used 33280K [0x00000000eab00000, 0x00000000ed580000, 0x0000000100000000)
  eden space 33280K, 100% used [0x00000000eab00000,0x00000000ecb80000,0x00000000ecb80000)
  from space 5120K, 0% used [0x00000000ed080000,0x00000000ed080000,0x00000000ed580000)
  to   space 5120K, 0% used [0x00000000ecb80000,0x00000000ecb80000,0x00000000ed080000)
 ParOldGen       total 87552K, used 0K [0x00000000c0000000, 0x00000000c5580000, 0x00000000eab00000)
  object space 87552K, 0% used [0x00000000c0000000,0x00000000c0000000,0x00000000c5580000)
 Metaspace       used 5688K, capacity 6832K, committed 7040K, reserved 1056768K
  class space    used 579K, capacity 616K, committed 640K, reserved 1048576K
Event: 1.131 GC heap after
Heap after GC invocations=1 (full 0):
 PSYoungGen      total 38400K, used 5119K [0x00000000eab00000, 0x00000000ef600000, 0x0000000100000000)
  eden space 33280K, 0% used [0x00000000eab00000,0x00000000eab00000,0x00000000ecb80000)
  from space 5120K, 99% used [0x00000000ecb80000,0x00000000ed07ff50,0x00000000ed080000)
  to   space 5120K, 0% used [0x00000000ef100000,0x00000000ef100000,0x00000000ef600000)
 ParOldGen       total 87552K, used 2129K [0x00000000c0000000, 0x00000000c5580000, 0x00000000eab00000)
  object space 87552K, 2% used [0x00000000c0000000,0x00000000c0214740,0x00000000c5580000)
 Metaspace       used 5688K, capacity 6832K, committed 7040K, reserved 1056768K
  class space    used 579K, capacity 616K, committed 640K, reserved 1048576K
}
Event: 1.345 GC heap before
{Heap before GC invocations=2 (full 0):
 PSYoungGen      total 38400K, used 38399K [0x00000000eab00000, 0x00000000ef600000, 0x0000000100000000)
  eden space 33280K, 100% used [0x00000000eab00000,0x00000000ecb80000,0x00000000ecb80000)
  from space 5120K, 99% used [0x00000000ecb80000,0x00000000ed07ff50,0x00000000ed080000)
  to   space 5120K, 0% used [0x00000000ef100000,0x00000000ef100000,0x00000000ef600000)
 ParOldGen       total 87552K, used 2129K [0x00000000c0000000, 0x00000000c5580000, 0x00000000eab00000)
  object space 87552K, 2% used [0x00000000c0000000,0x00000000c0214740,0x00000000c5580000)
 Metaspace       used 5754K, capacity 6896K, committed 7040K, reserved 1056768K
  class space    used 583K, capacity 616K, committed 640K, reserved 1048576K
Event: 1.356 GC heap after
Heap after GC invocations=2 (full 0):
 PSYoungGen      total 71680K, used 5106K [0x00000000eab00000, 0x00000000ef600000, 0x0000000100000000)
  eden space 66560K, 0% used [0x00000000eab00000,0x00000000eab00000,0x00000000eec00000)
  from space 5120K, 99% used [0x00000000ef100000,0x00000000ef5fcb68,0x00000000ef600000)
  to   space 5120K, 0% used [0x00000000eec00000,0x00000000eec00000,0x00000000ef100000)
 ParOldGen       total 87552K, used 4218K [0x00000000c0000000, 0x00000000c5580000, 0x00000000eab00000)
  object space 87552K, 4% used [0x00000000c0000000,0x00000000c041ea58,0x00000000c5580000)
 Metaspace       used 5754K, capacity 6896K, committed 7040K, reserved 1056768K
  class space    used 583K, capacity 616K, committed 640K, reserved 1048576K
}

Deoptimization events (10 events):
Event: 1.171 Thread 0x0000000016d5e000 Uncommon trap: reason=unstable_if action=reinterpret pc=0x0000000002c760fc method=com.android.dx.dex.code.OutputFinisher.hasLocalInfo(Lcom/android/dx/dex/code/DalvInsn;)Z @ 24
Event: 1.211 Thread 0x0000000017b05000 Uncommon trap: reason=unstable_if action=reinterpret pc=0x0000000002d2f790 method=com.android.dx.cf.code.ByteCatchList.listFor(I)Lcom/android/dx/cf/code/ByteCatchList; @ 19
Event: 1.211 Thread 0x0000000017b05000 Uncommon trap: reason=unstable_if action=reinterpret pc=0x0000000002ce89d0 method=com.android.dx.cf.code.BasicBlocker.addWorkIfNecessary(IZ)V @ 8
Event: 1.216 Thread 0x0000000017b05000 Uncommon trap: reason=unstable_if action=reinterpret pc=0x0000000002c4f9e8 method=com.android.dx.cf.code.Ropper.labelToResultIndex(I)I @ 34
Event: 1.216 Thread 0x0000000017b05000 Uncommon trap: reason=unstable_if action=reinterpret pc=0x0000000002ab6ee4 method=java.util.BitSet.ensureCapacity(I)V @ 6
Event: 1.235 Thread 0x0000000017b05000 Uncommon trap: reason=unstable_if action=reinterpret pc=0x0000000002be8930 method=com.android.dx.rop.code.RegisterSpec.equals(ILcom/android/dx/rop/type/TypeBearer;Lcom/android/dx/rop/code/LocalItem;)Z @ 16
Event: 1.237 Thread 0x0000000017b05000 Uncommon trap: reason=unstable_if action=reinterpret pc=0x0000000002d45edc method=com.android.dx.ssa.LocalVariableInfo.mergeStarts(ILcom/android/dx/rop/code/RegisterSpecSet;)Z @ 40
Event: 1.288 Thread 0x0000000017b05000 Uncommon trap: reason=unstable_if action=reinterpret pc=0x0000000002c0b008 method=com.android.dx.rop.code.RegisterSpec.equals(ILcom/android/dx/rop/type/TypeBearer;Lcom/android/dx/rop/code/LocalItem;)Z @ 16
Event: 1.342 Thread 0x0000000001eae000 Uncommon trap: reason=unstable_if action=reinterpret pc=0x0000000002b886b8 method=java.lang.String.<init>([CII)V @ 18
Event: 1.378 Thread 0x0000000017b05000 Uncommon trap: reason=unstable_if action=reinterpret pc=0x0000000002d3d6dc method=com.android.dx.ssa.SsaRenamer$BlockRenamer.visitMoveInsn(Lcom/android/dx/ssa/NormalSsaInsn;)V @ 135

Internal exceptions (3 events):
Event: 0.056 Thread 0x0000000001eae000 Exception <a 'java/lang/NoSuchMethodError': Method sun.misc.Unsafe.defineClass(Ljava/lang/String;[BII)Ljava/lang/Class; name or signature does not match> (0x00000000eab07c78) thrown at [C:\re\workspace\8-2-build-windows-amd64-cygwin\jdk8u102\7268\hotspot\sT‹á26®¬?
Event: 0.056 Thread 0x0000000001eae000 Exception <a 'java/lang/NoSuchMethodError': Method sun.misc.Unsafe.prefetchRead(Ljava/lang/Object;J)V name or signature does not match> (0x00000000eab07f60) thrown at [C:\re\workspace\8-2-build-windows-amd64-cygwin\jdk8u102\7268\hotspot\src\share\vm\prims\ò’AÒ¨ò?
Event: 1.166 Thread 0x0000000016d5e000 Implicit null exception at 0x0000000002cf4f5f to 0x0000000002cf5a25

Events (10 events):
Event: 1.780 Thread 0x0000000016e65000 DEOPT PACKING pc=0x0000000002c5bc45 sp=0x000000001714e8a0
Event: 1.780 Thread 0x0000000016e65000 DEOPT UNPACKING pc=0x000000000290747f sp=0x000000001714e680 mode 0
Event: 1.784 Thread 0x0000000016e65000 DEOPT PACKING pc=0x0000000002c7e0c3 sp=0x000000001714e7e0
Event: 1.784 Thread 0x0000000016e65000 DEOPT UNPACKING pc=0x000000000290747f sp=0x000000001714e5a8 mode 0
Event: 1.786 Thread 0x0000000016e65000 DEOPT PACKING pc=0x0000000002c5bc45 sp=0x000000001714e7a0
Event: 1.786 Thread 0x0000000016e65000 DEOPT UNPACKING pc=0x000000000290747f sp=0x000000001714e580 mode 0
Event: 1.787 Thread 0x0000000016e65000 DEOPT PACKING pc=0x0000000002c52591 sp=0x000000001714e940
Event: 1.787 Thread 0x0000000016e65000 DEOPT UNPACKING pc=0x000000000290747f sp=0x000000001714e6b0 mode 0
Event: 1.789 Thread 0x0000000016e65000 DEOPT PACKING pc=0x0000000002c5bc45 sp=0x000000001714e8a0
Event: 1.789 Thread 0x0000000016e65000 DEOPT UNPACKING pc=0x000000000290747f sp=0x000000001714e680 mode 0


Dynamic libraries:
0x000000013f580000 - 0x000000013f5b7000 	C:\Program Files\Java\jdk1.8.0_102\bin\java.exe
0x0000000077060000 - 0x0000000077209000 	C:\Windows\SYSTEM32\ntdll.dll
0x0000000076f40000 - 0x000000007705f000 	C:\Windows\system32\kernel32.dll
0x000007fefd250000 - 0x000007fefd2bb000 	C:\Windows\system32\KERNELBASE.dll
0x000007fefd380000 - 0x000007fefd45b000 	C:\Windows\system32\ADVAPI32.dll
0x000007fefe3f0000 - 0x000007fefe48f000 	C:\Windows\system32\msvcrt.dll
0x000007feff1a0000 - 0x000007feff1bf000 	C:\Windows\SYSTEM32\sechost.dll
0x000007fefea40000 - 0x000007fefeb6d000 	C:\Windows\system32\RPCRT4.dll
0x0000000076e40000 - 0x0000000076f3a000 	C:\Windows\system32\USER32.dll
0x000007feff1c0000 - 0x000007feff227000 	C:\Windows\system32\GDI32.dll
0x000007feff230000 - 0x000007feff23e000 	C:\Windows\system32\LPK.dll
0x000007fefe320000 - 0x000007fefe3e9000 	C:\Windows\system32\USP10.dll
0x000007fefbbb0000 - 0x000007fefbda4000 	C:\Windows\WinSxS\amd64_microsoft.windows.common-controls_6595b64144ccf1df_6.0.7601.17514_none_fa396087175ac9ac\COMCTL32.dll
0x000007fefef00000 - 0x000007fefef71000 	C:\Windows\system32\SHLWAPI.dll
0x000007fefe490000 - 0x000007fefe4be000 	C:\Windows\system32\IMM32.DLL
0x000007fefe930000 - 0x000007fefea39000 	C:\Windows\system32\MSCTF.dll
0x0000000051d10000 - 0x0000000051de1000 	C:\Program Files\Java\jdk1.8.0_102\jre\bin\msvcr100.dll
0x0000000055ec0000 - 0x000000005675a000 	C:\Program Files\Java\jdk1.8.0_102\jre\bin\server\jvm.dll
0x000007fefb1e0000 - 0x000007fefb1e9000 	C:\Windows\system32\WSOCK32.dll
0x000007fefeb70000 - 0x000007fefebbd000 	C:\Windows\system32\WS2_32.dll
0x000007fefe310000 - 0x000007fefe318000 	C:\Windows\system32\NSI.dll
0x000007fef9940000 - 0x000007fef997b000 	C:\Windows\system32\WINMM.dll
0x000007fefc0a0000 - 0x000007fefc0ac000 	C:\Windows\system32\VERSION.dll
0x0000000077220000 - 0x0000000077227000 	C:\Windows\system32\PSAPI.DLL
0x000000006d710000 - 0x000000006d71f000 	C:\Program Files\Java\jdk1.8.0_102\jre\bin\verify.dll
0x000000006d6e0000 - 0x000000006d709000 	C:\Program Files\Java\jdk1.8.0_102\jre\bin\java.dll
0x000000006d6c0000 - 0x000000006d6d6000 	C:\Program Files\Java\jdk1.8.0_102\jre\bin\zip.dll
0x000007fefd580000 - 0x000007fefe308000 	C:\Windows\system32\SHELL32.dll
0x000007fefe720000 - 0x000007fefe923000 	C:\Windows\system32\ole32.dll
0x000007fefcfb0000 - 0x000007fefcfbf000 	C:\Windows\system32\profapi.dll
0x000007fee4290000 - 0x000007fee43b5000 	C:\Windows\system32\dbghelp.dll

VM Arguments:
jvm_args: -Djava.awt.headless=true -Xmx1024M -Dfile.encoding=windows-1252 -Duser.country=US -Duser.language=en -Duser.variant 
java_command: com.android.dx.command.Main --dex --force-jumbo --num-threads=4 --multi-dex --output F:\Project\PreProject3\app\build\intermediates\transforms\dex\debug\folders\1000\5\slice_2 F:\Project\PreProject3\app\build\intermediates\transforms\instantRunSlicer\debug\folders\1\5\slice_2
java_class_path (initial): C:\Users\user\AppData\Local\Android\sdk\build-tools\24.0.1\lib\dx.jar
Launcher Type: SUN_STANDARD

Environment Variables:
PATH=C:\ProgramData\Oracle\Java\javapath;C:\Program Files (x86)\NVIDIA Corporation\PhysX\Common;C:\Windows\system32;C:\Windows;C:\Windows\System32\Wbem;C:\Windows\System32\WindowsPowerShell\v1.0\;C:\Program Files (x86)\Skype\Phone\;C:\Program Files (x86)\AMD\ATI.ACE\Core-Static
USERNAME=user
OS=Windows_NT
PROCESSOR_IDENTIFIER=AMD64 Family 16 Model 4 Stepping 3, AuthenticAMD



---------------  S Y S T E M  ---------------

OS: Windows 7 , 64 bit Build 7601 (6.1.7601.17514)

CPU:total 4 (4 cores per cpu, 1 threads per core) family 16 model 4 stepping 3, cmov, cx8, fxsr, mmx, sse, sse2, sse3, popcnt, mmxext, 3dnowpref, lzcnt, sse4a, tsc, tscinvbit, tscinv

Memory: 4k page, physical 8386096k(2851764k free), swap 16770348k(8794876k free)

vm_info: Java HotSpot(TM) 64-Bit Server VM (25.102-b14) for windows-amd64 JRE (1.8.0_102-b14), built on Jun 22 2016 13:15:21 by "java_re" with MS VC++ 10.0 (VS2010)

time: Thu Sep 08 06:50:20 2016
elapsed time: 2 seconds (0d 0h 0m 2s)

